<?xml version="1.0" encoding="UTF-8"?>
<testng-results ignored="0" total="1" passed="1" failed="0" skipped="0">
  <reporter-output>
  </reporter-output>
  <suite started-at="2023-12-10T09:58:13Z" name="InetBankingV1" finished-at="2023-12-10T09:58:33Z" duration-ms="19880">
    <groups>
    </groups>
    <test started-at="2023-12-10T09:58:13Z" name="BankingApp Test" finished-at="2023-12-10T09:58:33Z" duration-ms="19880">
      <class name="com.inetbanking.testCases.TC_LoginDDT_002">
        <test-method is-config="true" signature="setup(java.lang.String)[pri:0, instance:com.inetbanking.testCases.TC_LoginDDT_002@4466af20]" started-at="2023-12-10T09:58:13Z" name="setup" finished-at="2023-12-10T09:58:21Z" duration-ms="7573" status="PASS">
          <params>
            <param index="0">
              <value>
                <![CDATA[chrome]]>
              </value>
            </param>
          </params>
          <reporter-output>
          </reporter-output>
        </test-method> <!-- setup -->
        <test-method signature="loginDDT(java.lang.String, java.lang.String)[pri:0, instance:com.inetbanking.testCases.TC_LoginDDT_002@4466af20]" started-at="2023-12-10T09:58:21Z" name="loginDDT" data-provider="LoginData" finished-at="2023-12-10T09:58:33Z" duration-ms="11255" status="PASS">
          <params>
            <param index="0">
              <value>
                <![CDATA[mngr541960]]>
              </value>
            </param>
            <param index="1">
              <value>
                <![CDATA[erubaqe]]>
              </value>
            </param>
          </params>
          <reporter-output>
          </reporter-output>
        </test-method> <!-- loginDDT -->
        <test-method is-config="true" signature="tearDown()[pri:0, instance:com.inetbanking.testCases.TC_LoginDDT_002@4466af20]" started-at="2023-12-10T09:58:33Z" name="tearDown" finished-at="2023-12-10T09:58:33Z" duration-ms="223" status="PASS">
          <reporter-output>
          </reporter-output>
        </test-method> <!-- tearDown -->
      </class> <!-- com.inetbanking.testCases.TC_LoginDDT_002 -->
    </test> <!-- BankingApp Test -->
  </suite> <!-- InetBankingV1 -->
</testng-results>
