<?xml version="1.0" encoding="UTF-8"?>
<testng-results ignored="0" total="1" passed="1" failed="0" skipped="0">
  <reporter-output>
  </reporter-output>
  <suite started-at="2023-12-10T09:57:23Z" name="InetBankingV1" finished-at="2023-12-10T09:57:42Z" duration-ms="18662">
    <groups>
    </groups>
    <test started-at="2023-12-10T09:57:23Z" name="BankingApp Test" finished-at="2023-12-10T09:57:42Z" duration-ms="18662">
      <class name="com.inetbanking.testCases.TC_LoginDDT_002">
        <test-method is-config="true" signature="setup(java.lang.String)[pri:0, instance:com.inetbanking.testCases.TC_LoginDDT_002@157853da]" started-at="2023-12-10T09:57:24Z" name="setup" finished-at="2023-12-10T09:57:31Z" duration-ms="7055" status="PASS">
          <params>
            <param index="0">
              <value>
                <![CDATA[chrome]]>
              </value>
            </param>
          </params>
          <reporter-output>
          </reporter-output>
        </test-method> <!-- setup -->
        <test-method signature="loginDDT(java.lang.String, java.lang.String)[pri:0, instance:com.inetbanking.testCases.TC_LoginDDT_002@157853da]" started-at="2023-12-10T09:57:31Z" name="loginDDT" data-provider="LoginData" finished-at="2023-12-10T09:57:42Z" duration-ms="10619" status="PASS">
          <params>
            <param index="0">
              <value>
                <![CDATA[mngr541960]]>
              </value>
            </param>
            <param index="1">
              <value>
                <![CDATA[erubaqe]]>
              </value>
            </param>
          </params>
          <reporter-output>
          </reporter-output>
        </test-method> <!-- loginDDT -->
        <test-method is-config="true" signature="tearDown()[pri:0, instance:com.inetbanking.testCases.TC_LoginDDT_002@157853da]" started-at="2023-12-10T09:57:42Z" name="tearDown" finished-at="2023-12-10T09:57:42Z" duration-ms="189" status="PASS">
          <reporter-output>
          </reporter-output>
        </test-method> <!-- tearDown -->
      </class> <!-- com.inetbanking.testCases.TC_LoginDDT_002 -->
    </test> <!-- BankingApp Test -->
  </suite> <!-- InetBankingV1 -->
</testng-results>
